<?xml version="1.0" encoding="UTF-8"?>
<!-- Generated by org.testng.reporters.JUnitXMLReporter -->
<testsuite ignored="0" hostname="DELL-PC" failures="0" tests="8" name="Default test" time="367.758" errors="0" timestamp="2021-05-26T11:59:49 IST">
  <testcase classname="Hackathon.IdentifyCourses" name="searchCourse" time="46.155"/>
  <testcase classname="Hackathon.IdentifyCourses" name="selectLanguage" time="16.454"/>
  <testcase classname="Hackathon.IdentifyCourses" name="selectLevel" time="4.002"/>
  <testcase classname="Hackathon.IdentifyCourses" name="firstCourse" time="14.983"/>
  <testcase classname="Hackathon.IdentifyCourses" name="screenShot" time="0.608"/>
  <testcase classname="Hackathon.IdentifyCourses" name="secondCourse" time="3.451"/>
  <testcase classname="Hackathon.formFilling" name="ForEnterprise" time="31.436"/>
  <testcase classname="Hackathon.formFilling" name="FillForm" time="242.024"/>
</testsuite> <!-- Default test -->
