<?xml version="1.0" encoding="UTF-8"?>
<!-- Generated by org.testng.reporters.JUnitXMLReporter -->
<testsuite ignored="0" hostname="LAPTOP-DO76H55B" failures="0" tests="8" name="Test" time="53.867" errors="0" timestamp="2021-04-12T15:12:56 IST">
  <testcase classname="Hackathon.IdentifyCourses" name="searchCourse" time="7.385"/>
  <testcase classname="Hackathon.IdentifyCourses" name="selectLanguage" time="2.094"/>
  <testcase classname="Hackathon.IdentifyCourses" name="selectLevel" time="1.962"/>
  <testcase classname="Hackathon.IdentifyCourses" name="firstCourse" time="7.644"/>
  <testcase classname="Hackathon.IdentifyCourses" name="screenShot" time="0.832"/>
  <testcase classname="Hackathon.IdentifyCourses" name="secondCourse" time="2.32"/>
  <testcase classname="Hackathon.formFilling" name="ForEnterprise" time="15.671"/>
  <testcase classname="Hackathon.formFilling" name="FillForm" time="14.497"/>
</testsuite> <!-- Test -->
